**********************************************************************
         STEEEPEST DESCENT ALGORITHM         
**********************************************************************
     Convergence criterion  :   1.00e-08
     Niter_max              :        500
     Initial cost is        :   1.50e+03
     Initial norm_grad is   :   2.15e+05
**********************************************************************
   Niter      fk         ||gk||       fk/f0        alpha        nls      ngrad    
     0     1.50e+03     2.15e+05     1.00e+00     1.00e-02        0        0
     1     9.08e+02     1.66e+05     6.04e-01     5.00e-02        1        2
     2     5.46e+02     1.85e+05     3.63e-01     5.00e-02        0        3
     3     4.13e+02     2.28e+05     2.75e-01     1.25e-02        2        6
     4     3.38e+02     1.95e+05     2.25e-01     1.25e-02        0        7
     5     2.86e+02     1.79e+05     1.90e-01     6.25e-03        1        9
     6     2.64e+02     2.07e+05     1.76e-01     6.25e-03        0       10
     7     2.43e+02     1.40e+05     1.62e-01     3.13e-03        1       12
     8     2.31e+02     1.28e+05     1.54e-01     3.13e-03        0       13
     9     2.20e+02     1.21e+05     1.46e-01     3.13e-03        0       14
    10     2.11e+02     1.15e+05     1.40e-01     3.13e-03        0       15
    11     2.02e+02     1.19e+05     1.35e-01     3.13e-03        0       16
    12     1.95e+02     1.26e+05     1.30e-01     3.13e-03        0       17
    13     1.88e+02     1.56e+05     1.25e-01     3.13e-03        0       18
    14     1.84e+02     1.85e+05     1.22e-01     3.13e-03        0       19
    15     1.77e+02     1.22e+05     1.18e-01     1.56e-03        1       21
    16     1.74e+02     1.08e+05     1.15e-01     1.56e-03        0       22
    17     1.70e+02     1.04e+05     1.13e-01     1.56e-03        0       23
    18     1.67e+02     1.02e+05     1.11e-01     1.56e-03        0       24
    19     1.54e+02     2.04e+05     1.02e-01     7.81e-03        1       26
    20     1.52e+02     1.82e+05     1.01e-01     1.95e-03        2       29
    21     1.51e+02     1.92e+05     1.01e-01     1.95e-03        0       30
    22     1.47e+02     1.80e+05     9.81e-02     1.95e-03        0       31
    23     1.44e+02     1.41e+05     9.55e-02     9.77e-04        1       33
    24     1.42e+02     1.34e+05     9.42e-02     9.77e-04        0       34
    25     1.40e+02     1.40e+05     9.30e-02     9.77e-04        0       35
    26     1.38e+02     1.28e+05     9.18e-02     9.77e-04        0       36
    27     1.36e+02     1.36e+05     9.06e-02     9.77e-04        0       37
    28     1.35e+02     1.25e+05     8.96e-02     9.77e-04        0       38
    29     1.33e+02     1.36e+05     8.85e-02     9.77e-04        0       39
    30     1.31e+02     1.25e+05     8.74e-02     9.77e-04        0       40
    31     1.30e+02     1.40e+05     8.64e-02     9.77e-04        0       41
    32     1.28e+02     1.30e+05     8.55e-02     9.77e-04        0       42
    33     1.27e+02     1.54e+05     8.45e-02     9.77e-04        0       43
    34     1.26e+02     1.50e+05     8.37e-02     9.77e-04        0       44
    35     1.25e+02     1.96e+05     8.29e-02     9.77e-04        0       45
    36     1.24e+02     1.87e+05     8.22e-02     9.77e-04        0       46
    37     1.23e+02     1.92e+05     8.19e-02     9.77e-04        0       47
    38     1.21e+02     1.90e+05     8.07e-02     9.77e-04        0       48
    39     1.21e+02     1.90e+05     8.06e-02     9.77e-04        0       49
    40     1.19e+02     1.85e+05     7.92e-02     9.77e-04        0       50
    41     1.19e+02     1.91e+05     7.92e-02     9.77e-04        0       51
    42     1.17e+02     1.91e+05     7.79e-02     9.77e-04        0       52
    43     1.16e+02     1.40e+05     7.72e-02     4.88e-04        1       54
    44     1.15e+02     1.12e+05     7.67e-02     4.88e-04        0       55
    45     1.15e+02     1.13e+05     7.63e-02     4.88e-04        0       56
    46     1.12e+02     1.22e+05     7.45e-02     2.44e-03        1       58
    47     1.11e+02     2.09e+05     7.39e-02     1.22e-03        1       60
    48     1.10e+02     1.52e+05     7.32e-02     6.10e-04        1       62
    49     1.09e+02     1.66e+05     7.28e-02     6.10e-04        0       63
    50     1.09e+02     1.37e+05     7.23e-02     6.10e-04        0       64
    51     1.08e+02     1.51e+05     7.18e-02     6.10e-04        0       65
    52     1.07e+02     1.28e+05     7.14e-02     6.10e-04        0       66
    53     1.07e+02     1.43e+05     7.10e-02     6.10e-04        0       67
    54     1.06e+02     1.24e+05     7.05e-02     6.10e-04        0       68
    55     1.05e+02     1.40e+05     7.01e-02     6.10e-04        0       69
    56     1.05e+02     1.23e+05     6.97e-02     6.10e-04        0       70
    57     1.04e+02     1.41e+05     6.93e-02     6.10e-04        0       71
    58     1.03e+02     1.25e+05     6.89e-02     6.10e-04        0       72
    59     1.03e+02     1.46e+05     6.85e-02     6.10e-04        0       73
    60     1.02e+02     1.32e+05     6.81e-02     6.10e-04        0       74
    61     1.02e+02     1.59e+05     6.77e-02     6.10e-04        0       75
    62     1.01e+02     1.47e+05     6.74e-02     6.10e-04        0       76
    63     1.01e+02     1.88e+05     6.70e-02     6.10e-04        0       77
    64     1.00e+02     1.87e+05     6.67e-02     6.10e-04        0       78
    65     1.00e+02     2.03e+05     6.66e-02     6.10e-04        0       79
    66     9.92e+01     1.89e+05     6.60e-02     6.10e-04        0       80
    67     9.91e+01     1.99e+05     6.60e-02     6.10e-04        0       81
    68     9.82e+01     1.84e+05     6.54e-02     6.10e-04        0       82
    69     9.81e+01     1.99e+05     6.53e-02     6.10e-04        0       83
    70     9.73e+01     1.93e+05     6.47e-02     6.10e-04        0       84
    71     9.67e+01     1.39e+05     6.44e-02     3.05e-04        1       86
    72     9.64e+01     1.15e+05     6.42e-02     3.05e-04        0       87
    73     9.52e+01     1.72e+05     6.34e-02     1.53e-03        1       89
    74     9.50e+01     1.95e+05     6.32e-02     7.63e-04        1       91
    75     9.43e+01     1.68e+05     6.28e-02     3.81e-04        1       93
    76     9.39e+01     1.33e+05     6.25e-02     3.81e-04        0       94
    77     9.36e+01     1.37e+05     6.23e-02     3.81e-04        0       95
    78     9.32e+01     1.20e+05     6.21e-02     3.81e-04        0       96
    79     9.29e+01     1.25e+05     6.18e-02     3.81e-04        0       97
    80     9.26e+01     1.19e+05     6.16e-02     3.81e-04        0       98
    81     8.88e+01     2.04e+05     5.91e-02     9.54e-03        2      101
    82     8.63e+01     1.99e+05     5.74e-02     1.19e-03        3      105
    83     8.55e+01     1.85e+05     5.69e-02     5.96e-04        1      107
    84     8.50e+01     1.93e+05     5.66e-02     5.96e-04        0      108
    85     8.45e+01     1.64e+05     5.62e-02     2.98e-04        1      110
    86     8.42e+01     1.31e+05     5.61e-02     2.98e-04        0      111
    87     8.40e+01     1.37e+05     5.59e-02     2.98e-04        0      112
    88     8.38e+01     1.23e+05     5.58e-02     2.98e-04        0      113
    89     8.31e+01     2.15e+05     5.53e-02     1.49e-03        1      115
    90     8.28e+01     1.79e+05     5.51e-02     3.73e-04        2      118
    91     8.26e+01     2.18e+05     5.50e-02     3.73e-04        0      119
    92     8.23e+01     1.92e+05     5.48e-02     3.73e-04        0      120
    93     8.22e+01     2.09e+05     5.47e-02     3.73e-04        0      121
    94     8.19e+01     1.74e+05     5.45e-02     3.73e-04        0      122
    95     8.17e+01     2.16e+05     5.44e-02     3.73e-04        0      123
    96     8.15e+01     1.97e+05     5.42e-02     3.73e-04        0      124
    97     8.14e+01     2.05e+05     5.42e-02     3.73e-04        0      125
    98     8.10e+01     1.68e+05     5.39e-02     3.73e-04        0      126
    99     8.09e+01     2.15e+05     5.38e-02     3.73e-04        0      127
   100     8.06e+01     2.02e+05     5.37e-02     3.73e-04        0      128
   101     8.06e+01     2.03e+05     5.37e-02     3.73e-04        0      129
   102     8.02e+01     1.63e+05     5.34e-02     3.73e-04        0      130
   103     8.00e+01     2.11e+05     5.33e-02     3.73e-04        0      131
   104     7.98e+01     2.02e+05     5.31e-02     3.73e-04        0      132
   105     7.96e+01     1.40e+05     5.30e-02     1.86e-04        1      134
   106     7.94e+01     1.22e+05     5.29e-02     1.86e-04        0      135
   107     7.75e+01     1.96e+05     5.16e-02     4.66e-03        2      138
   108     7.71e+01     2.10e+05     5.13e-02     5.82e-04        3      142
   109     7.68e+01     2.02e+05     5.11e-02     2.91e-04        1      144
   110     7.66e+01     1.59e+05     5.10e-02     2.91e-04        0      145
   111     7.64e+01     1.80e+05     5.09e-02     2.91e-04        0      146
   112     7.63e+01     1.41e+05     5.08e-02     2.91e-04        0      147
   113     7.61e+01     1.60e+05     5.07e-02     2.91e-04        0      148
   114     7.60e+01     1.31e+05     5.06e-02     2.91e-04        0      149
   115     7.58e+01     1.48e+05     5.05e-02     2.91e-04        0      150
   116     7.57e+01     1.26e+05     5.04e-02     2.91e-04        0      151
   117     7.55e+01     1.39e+05     5.03e-02     2.91e-04        0      152
   118     7.54e+01     1.23e+05     5.02e-02     2.91e-04        0      153
   119     7.52e+01     1.34e+05     5.01e-02     2.91e-04        0      154
   120     7.51e+01     1.22e+05     5.00e-02     2.91e-04        0      155
   121     7.47e+01     2.27e+05     4.97e-02     1.46e-03        1      157
   122     7.44e+01     2.21e+05     4.95e-02     3.64e-04        2      160
   123     7.42e+01     1.56e+05     4.94e-02     1.82e-04        1      162
   124     7.41e+01     1.22e+05     4.93e-02     1.82e-04        0      163
   125     7.37e+01     1.58e+05     4.91e-02     9.09e-04        1      165
   126     7.36e+01     2.05e+05     4.90e-02     4.55e-04        1      167
   127     7.35e+01     1.76e+05     4.89e-02     2.27e-04        1      169
   128     7.33e+01     1.25e+05     4.88e-02     2.27e-04        0      170
   129     7.32e+01     1.30e+05     4.87e-02     2.27e-04        0      171
   130     7.31e+01     1.22e+05     4.86e-02     2.27e-04        0      172
   131     7.24e+01     2.09e+05     4.82e-02     5.68e-03        2      175
   132     7.10e+01     2.08e+05     4.73e-02     7.11e-04        3      179
   133     7.09e+01     2.07e+05     4.72e-02     3.55e-04        1      181
   134     7.05e+01     2.20e+05     4.70e-02     3.55e-04        0      182
   135     7.04e+01     1.49e+05     4.68e-02     1.78e-04        1      184
   136     7.02e+01     1.18e+05     4.68e-02     1.78e-04        0      185
   137     7.00e+01     1.53e+05     4.66e-02     8.88e-04        1      187
   138     6.99e+01     2.28e+05     4.65e-02     4.44e-04        1      189
   139     6.99e+01     1.86e+05     4.65e-02     2.22e-04        1      191
   140     6.96e+01     1.22e+05     4.63e-02     2.22e-04        0      192
   141     6.95e+01     1.21e+05     4.63e-02     2.22e-04        0      193
   142     6.95e+01     1.14e+05     4.62e-02     2.22e-04        0      194
   143     6.91e+01     1.55e+05     4.60e-02     1.11e-03        1      196
   144     6.90e+01     1.32e+05     4.59e-02     2.78e-04        2      199
   145     6.89e+01     1.41e+05     4.59e-02     2.78e-04        0      200
   146     6.88e+01     1.28e+05     4.58e-02     2.78e-04        0      201
   147     6.87e+01     1.36e+05     4.57e-02     2.78e-04        0      202
   148     6.86e+01     1.25e+05     4.57e-02     2.78e-04        0      203
   149     6.85e+01     1.32e+05     4.56e-02     2.78e-04        0      204
   150     6.84e+01     1.22e+05     4.56e-02     2.78e-04        0      205
   151     6.83e+01     1.29e+05     4.55e-02     2.78e-04        0      206
   152     6.83e+01     1.20e+05     4.54e-02     2.78e-04        0      207
   153     6.82e+01     1.26e+05     4.54e-02     2.78e-04        0      208
   154     6.81e+01     1.18e+05     4.53e-02     2.78e-04        0      209
   155     6.80e+01     1.24e+05     4.52e-02     2.78e-04        0      210
   156     6.79e+01     1.16e+05     4.52e-02     2.78e-04        0      211
   157     6.78e+01     1.22e+05     4.51e-02     2.78e-04        0      212
   158     6.77e+01     1.15e+05     4.51e-02     2.78e-04        0      213
   159     6.76e+01     1.21e+05     4.50e-02     2.78e-04        0      214
   160     6.75e+01     1.14e+05     4.50e-02     2.78e-04        0      215
   161     6.75e+01     1.19e+05     4.49e-02     2.78e-04        0      216
   162     6.74e+01     1.13e+05     4.48e-02     2.78e-04        0      217
   163     6.73e+01     1.18e+05     4.48e-02     2.78e-04        0      218
   164     6.72e+01     1.12e+05     4.47e-02     2.78e-04        0      219
   165     6.71e+01     1.17e+05     4.47e-02     2.78e-04        0      220
   166     6.70e+01     1.11e+05     4.46e-02     2.78e-04        0      221
   167     6.69e+01     1.17e+05     4.46e-02     2.78e-04        0      222
   168     6.69e+01     1.11e+05     4.45e-02     2.78e-04        0      223
   169     6.68e+01     1.16e+05     4.44e-02     2.78e-04        0      224
   170     6.67e+01     1.10e+05     4.44e-02     2.78e-04        0      225
   171     6.66e+01     1.15e+05     4.43e-02     2.78e-04        0      226
   172     6.65e+01     1.10e+05     4.43e-02     2.78e-04        0      227
   173     6.65e+01     1.15e+05     4.42e-02     2.78e-04        0      228
   174     6.64e+01     1.09e+05     4.42e-02     2.78e-04        0      229
   175     6.63e+01     1.15e+05     4.41e-02     2.78e-04        0      230
   176     6.62e+01     1.09e+05     4.41e-02     2.78e-04        0      231
   177     6.61e+01     1.15e+05     4.40e-02     2.78e-04        0      232
   178     6.61e+01     1.09e+05     4.40e-02     2.78e-04        0      233
   179     6.60e+01     1.15e+05     4.39e-02     2.78e-04        0      234
   180     6.59e+01     1.09e+05     4.39e-02     2.78e-04        0      235
   181     6.58e+01     1.15e+05     4.38e-02     2.78e-04        0      236
   182     6.57e+01     1.09e+05     4.38e-02     2.78e-04        0      237
   183     6.57e+01     1.15e+05     4.37e-02     2.78e-04        0      238
   184     6.56e+01     1.09e+05     4.37e-02     2.78e-04        0      239
   185     6.55e+01     1.16e+05     4.36e-02     2.78e-04        0      240
   186     6.54e+01     1.10e+05     4.36e-02     2.78e-04        0      241
   187     6.54e+01     1.17e+05     4.35e-02     2.78e-04        0      242
   188     6.53e+01     1.10e+05     4.35e-02     2.78e-04        0      243
   189     6.52e+01     1.18e+05     4.34e-02     2.78e-04        0      244
   190     6.51e+01     1.12e+05     4.34e-02     2.78e-04        0      245
   191     6.51e+01     1.20e+05     4.33e-02     2.78e-04        0      246
   192     6.50e+01     1.13e+05     4.33e-02     2.78e-04        0      247
   193     6.49e+01     1.22e+05     4.32e-02     2.78e-04        0      248
   194     6.49e+01     1.15e+05     4.32e-02     2.78e-04        0      249
   195     6.48e+01     1.26e+05     4.31e-02     2.78e-04        0      250
   196     6.47e+01     1.18e+05     4.31e-02     2.78e-04        0      251
   197     6.46e+01     1.30e+05     4.30e-02     2.78e-04        0      252
   198     6.46e+01     1.22e+05     4.30e-02     2.78e-04        0      253
   199     6.45e+01     1.35e+05     4.29e-02     2.78e-04        0      254
   200     6.44e+01     1.28e+05     4.29e-02     2.78e-04        0      255
   201     6.44e+01     1.42e+05     4.29e-02     2.78e-04        0      256
   202     6.43e+01     1.34e+05     4.28e-02     2.78e-04        0      257
   203     6.43e+01     1.50e+05     4.28e-02     2.78e-04        0      258
   204     6.42e+01     1.41e+05     4.27e-02     2.78e-04        0      259
   205     6.41e+01     1.58e+05     4.27e-02     2.78e-04        0      260
   206     6.40e+01     1.48e+05     4.26e-02     2.78e-04        0      261
   207     6.40e+01     1.65e+05     4.26e-02     2.78e-04        0      262
   208     6.39e+01     1.55e+05     4.25e-02     2.78e-04        0      263
   209     6.38e+01     1.11e+05     4.25e-02     1.39e-04        1      265
   210     6.38e+01     1.02e+05     4.25e-02     1.39e-04        0      266
   211     6.08e+01     2.09e+05     4.05e-02     1.73e-02        3      270
   212     6.02e+01     1.74e+05     4.01e-02     5.42e-04        5      276
   213     5.98e+01     1.46e+05     3.98e-02     2.71e-04        1      278
   214     5.98e+01     1.83e+05     3.98e-02     2.71e-04        0      279
   215     5.97e+01     1.23e+05     3.97e-02     1.36e-04        1      281
   216     5.96e+01     9.80e+04     3.97e-02     1.36e-04        0      282
