**********************************************************************
         NONLINEAR CONJUGATE GRADIENT ALGORITHM         
**********************************************************************
     Convergence criterion  :   1.00e-06
     Niter_max              :        500
     Initial cost is        :   4.62e+01
     Initial norm_grad is   :   1.71e+05
**********************************************************************
   Niter      fk         ||gk||       fk/f0        alpha        nls      ngrad    
     0     4.62e+01     1.71e+05     1.00e+00     2.00e-02        0        0
     1     2.37e+01     1.20e+05     5.12e-01     2.00e-02        0        1
     2     1.30e+01     1.21e+05     2.82e-01     2.00e-02        0        2
     3     1.23e+01     1.29e+05     2.66e-01     1.00e-02        1        4
     4     1.05e+01     1.19e+05     2.27e-01     1.00e-02        0        5
     5     1.05e+01     1.19e+05     2.27e-01     4.77e-09       21       27
     6     8.27e+00     1.29e+05     1.79e-01     5.59e-03       10       38
     7     7.35e+00     1.27e+05     1.59e-01     2.79e-03        1       40
     8     6.79e+00     1.20e+05     1.47e-01     2.79e-03        0       41
     9     5.98e+00     1.14e+05     1.29e-01     2.79e-03        0       42
    10     5.85e+00     1.07e+05     1.27e-01     2.79e-03        0       43
    11     5.85e+00     1.07e+05     1.27e-01     4.26e-08       16       60
    12     5.47e+00     1.32e+05     1.18e-01     2.00e-03        8       69
    13     5.25e+00     1.09e+05     1.14e-01     2.00e-03        0       70
    14     3.88e+00     1.02e+05     8.40e-02     9.99e-03        1       72
    15     3.51e+00     1.10e+05     7.60e-02     2.50e-03        2       75
    16     3.42e+00     1.19e+05     7.40e-02     1.25e-03        1       77
    17     3.29e+00     1.07e+05     7.11e-02     1.25e-03        0       78
    18     3.28e+00     1.06e+05     7.11e-02     3.12e-04        2       81
    19     3.11e+00     1.23e+05     6.73e-02     9.37e-04        2       84
    20     3.06e+00     1.07e+05     6.63e-02     9.37e-04        0       85
    21     2.95e+00     1.07e+05     6.38e-02     9.37e-04        0       86
    22     2.79e+00     1.80e+05     6.04e-02     4.68e-04        1       88
    23     2.78e+00     1.36e+05     6.01e-02     1.17e-04        2       91
    24     2.72e+00     1.09e+05     5.88e-02     5.85e-04        1       93
    25     2.63e+00     1.25e+05     5.70e-02     5.85e-04        0       94
    26     2.58e+00     1.09e+05     5.58e-02     5.85e-04        0       95
    27     2.47e+00     1.14e+05     5.34e-02     5.85e-04        0       96
    28     2.46e+00     1.10e+05     5.34e-02     3.66e-05        4      101
    29     2.44e+00     1.83e+05     5.27e-02     1.83e-04        1      103
    30     2.42e+00     1.08e+05     5.25e-02     1.83e-04        0      104
    31     2.41e+00     1.03e+05     5.21e-02     5.49e-04        2      107
    32     2.36e+00     1.39e+05     5.11e-02     2.74e-04        1      109
    33     2.23e+00     1.14e+05     4.82e-02     1.37e-03        1      111
    34     2.19e+00     1.22e+05     4.73e-02     3.43e-04        2      114
    35     2.18e+00     1.11e+05     4.73e-02     3.43e-04        0      115
    36     2.04e+00     1.29e+05     4.42e-02     1.72e-03        1      117
    37     1.94e+00     1.23e+05     4.20e-02     4.29e-04        2      120
    38     1.90e+00     1.52e+05     4.11e-02     4.29e-04        0      121
    39     1.89e+00     1.21e+05     4.08e-02     4.29e-04        0      122
    40     1.81e+00     1.06e+05     3.91e-02     4.29e-04        0      123
    41     1.78e+00     1.19e+05     3.86e-02     4.29e-04        0      124
    42     1.76e+00     1.21e+05     3.80e-02     4.29e-04        0      125
    43     1.56e+00     1.05e+05     3.37e-02     2.14e-03        1      127
    44     1.48e+00     1.23e+05     3.20e-02     5.36e-04        2      130
    45     1.47e+00     1.07e+05     3.17e-02     2.68e-04        1      132
    46     1.43e+00     1.08e+05     3.10e-02     2.68e-04        0      133
    47     1.43e+00     1.08e+05     3.10e-02     4.09e-09       16      150
    48     1.42e+00     1.33e+05     3.07e-02     6.39e-05        6      157
    49     1.42e+00     1.15e+05     3.07e-02     6.39e-05        0      158
    50     1.40e+00     1.38e+05     3.04e-02     3.19e-04        1      160
    51     1.39e+00     9.77e+04     3.01e-02     1.60e-04        1      162
    52     1.38e+00     1.05e+05     2.99e-02     7.99e-05        1      164
    53     1.37e+00     1.71e+05     2.96e-02     3.99e-04        1      166
    54     1.36e+00     9.93e+04     2.95e-02     2.00e-04        1      168
    55     1.34e+00     1.27e+05     2.91e-02     2.00e-04        0      169
    56     1.34e+00     1.37e+05     2.91e-02     4.99e-05        2      172
    57     1.34e+00     1.19e+05     2.89e-02     4.99e-05        0      173
    58     1.33e+00     1.14e+05     2.88e-02     4.99e-05        0      174
    59     1.32e+00     1.62e+05     2.86e-02     2.50e-04        1      176
    60     1.32e+00     1.05e+05     2.85e-02     1.25e-04        1      178
    61     1.32e+00     1.17e+05     2.85e-02     1.25e-04        0      179
**********************************************************************
  STOP: LINESEARCH FAILURE    
**********************************************************************
**********************************************************************
  STOP: LINESEARCH FAILURE    
**********************************************************************
**********************************************************************
  STOP: LINESEARCH FAILURE    
**********************************************************************
**********************************************************************
  STOP: LINESEARCH FAILURE    
**********************************************************************
**********************************************************************
  STOP: LINESEARCH FAILURE    
**********************************************************************
**********************************************************************
  STOP: LINESEARCH FAILURE    
**********************************************************************
**********************************************************************
  STOP: LINESEARCH FAILURE    
**********************************************************************
**********************************************************************
  STOP: LINESEARCH FAILURE    
**********************************************************************
**********************************************************************
  STOP: LINESEARCH FAILURE    
**********************************************************************
**********************************************************************
  STOP: LINESEARCH FAILURE    
**********************************************************************
**********************************************************************
  STOP: LINESEARCH FAILURE    
**********************************************************************
**********************************************************************
  STOP: LINESEARCH FAILURE    
**********************************************************************
**********************************************************************
  STOP: LINESEARCH FAILURE    
**********************************************************************
**********************************************************************
  STOP: LINESEARCH FAILURE    
**********************************************************************
**********************************************************************
  STOP: LINESEARCH FAILURE    
**********************************************************************
**********************************************************************
  STOP: LINESEARCH FAILURE    
**********************************************************************
**********************************************************************
  STOP: LINESEARCH FAILURE    
**********************************************************************
**********************************************************************
  STOP: LINESEARCH FAILURE    
**********************************************************************
**********************************************************************
  STOP: LINESEARCH FAILURE    
**********************************************************************
**********************************************************************
  STOP: LINESEARCH FAILURE    
**********************************************************************
**********************************************************************
  STOP: LINESEARCH FAILURE    
**********************************************************************
**********************************************************************
  STOP: LINESEARCH FAILURE    
**********************************************************************
**********************************************************************
  STOP: LINESEARCH FAILURE    
**********************************************************************
**********************************************************************
  STOP: LINESEARCH FAILURE    
**********************************************************************
**********************************************************************
  STOP: LINESEARCH FAILURE    
**********************************************************************
**********************************************************************
  STOP: LINESEARCH FAILURE    
**********************************************************************
**********************************************************************
  STOP: LINESEARCH FAILURE    
**********************************************************************
**********************************************************************
  STOP: LINESEARCH FAILURE    
**********************************************************************
**********************************************************************
  STOP: LINESEARCH FAILURE    
**********************************************************************
**********************************************************************
  STOP: LINESEARCH FAILURE    
**********************************************************************
**********************************************************************
  STOP: LINESEARCH FAILURE    
**********************************************************************
**********************************************************************
  STOP: LINESEARCH FAILURE    
**********************************************************************
**********************************************************************
  STOP: LINESEARCH FAILURE    
**********************************************************************
**********************************************************************
  STOP: LINESEARCH FAILURE    
**********************************************************************
**********************************************************************
  STOP: LINESEARCH FAILURE    
**********************************************************************
**********************************************************************
  STOP: LINESEARCH FAILURE    
**********************************************************************
**********************************************************************
  STOP: LINESEARCH FAILURE    
**********************************************************************
**********************************************************************
  STOP: LINESEARCH FAILURE    
**********************************************************************
**********************************************************************
  STOP: LINESEARCH FAILURE    
**********************************************************************
**********************************************************************
  STOP: LINESEARCH FAILURE    
**********************************************************************
**********************************************************************
  STOP: LINESEARCH FAILURE    
**********************************************************************
**********************************************************************
  STOP: LINESEARCH FAILURE    
**********************************************************************
**********************************************************************
  STOP: LINESEARCH FAILURE    
**********************************************************************
**********************************************************************
  STOP: LINESEARCH FAILURE    
**********************************************************************
**********************************************************************
  STOP: LINESEARCH FAILURE    
**********************************************************************
**********************************************************************
  STOP: LINESEARCH FAILURE    
**********************************************************************
**********************************************************************
  STOP: LINESEARCH FAILURE    
**********************************************************************
**********************************************************************
  STOP: LINESEARCH FAILURE    
**********************************************************************
**********************************************************************
  STOP: LINESEARCH FAILURE    
**********************************************************************
**********************************************************************
  STOP: LINESEARCH FAILURE    
**********************************************************************
**********************************************************************
  STOP: LINESEARCH FAILURE    
**********************************************************************
**********************************************************************
  STOP: LINESEARCH FAILURE    
**********************************************************************
**********************************************************************
  STOP: LINESEARCH FAILURE    
**********************************************************************
**********************************************************************
  STOP: LINESEARCH FAILURE    
**********************************************************************
**********************************************************************
  STOP: LINESEARCH FAILURE    
**********************************************************************
**********************************************************************
  STOP: LINESEARCH FAILURE    
**********************************************************************
**********************************************************************
  STOP: LINESEARCH FAILURE    
**********************************************************************
**********************************************************************
  STOP: LINESEARCH FAILURE    
**********************************************************************
**********************************************************************
  STOP: LINESEARCH FAILURE    
**********************************************************************
**********************************************************************
  STOP: LINESEARCH FAILURE    
**********************************************************************
**********************************************************************
  STOP: LINESEARCH FAILURE    
**********************************************************************
**********************************************************************
  STOP: LINESEARCH FAILURE    
**********************************************************************
**********************************************************************
  STOP: LINESEARCH FAILURE    
**********************************************************************
**********************************************************************
  STOP: LINESEARCH FAILURE    
**********************************************************************
**********************************************************************
  STOP: LINESEARCH FAILURE    
**********************************************************************
**********************************************************************
  STOP: LINESEARCH FAILURE    
**********************************************************************
**********************************************************************
  STOP: LINESEARCH FAILURE    
**********************************************************************
**********************************************************************
  STOP: LINESEARCH FAILURE    
**********************************************************************
**********************************************************************
  STOP: LINESEARCH FAILURE    
**********************************************************************
**********************************************************************
  STOP: LINESEARCH FAILURE    
**********************************************************************
**********************************************************************
  STOP: LINESEARCH FAILURE    
**********************************************************************
**********************************************************************
  STOP: LINESEARCH FAILURE    
**********************************************************************
**********************************************************************
  STOP: LINESEARCH FAILURE    
**********************************************************************
**********************************************************************
  STOP: LINESEARCH FAILURE    
**********************************************************************
**********************************************************************
  STOP: LINESEARCH FAILURE    
**********************************************************************
**********************************************************************
  STOP: LINESEARCH FAILURE    
**********************************************************************
**********************************************************************
  STOP: LINESEARCH FAILURE    
**********************************************************************
**********************************************************************
  STOP: LINESEARCH FAILURE    
**********************************************************************
**********************************************************************
  STOP: LINESEARCH FAILURE    
**********************************************************************
**********************************************************************
  STOP: LINESEARCH FAILURE    
**********************************************************************
**********************************************************************
  STOP: LINESEARCH FAILURE    
**********************************************************************
**********************************************************************
  STOP: LINESEARCH FAILURE    
**********************************************************************
**********************************************************************
  STOP: LINESEARCH FAILURE    
**********************************************************************
**********************************************************************
  STOP: LINESEARCH FAILURE    
**********************************************************************
**********************************************************************
  STOP: LINESEARCH FAILURE    
**********************************************************************
**********************************************************************
  STOP: LINESEARCH FAILURE    
**********************************************************************
**********************************************************************
  STOP: LINESEARCH FAILURE    
**********************************************************************
**********************************************************************
  STOP: LINESEARCH FAILURE    
**********************************************************************
**********************************************************************
  STOP: LINESEARCH FAILURE    
**********************************************************************
**********************************************************************
  STOP: LINESEARCH FAILURE    
**********************************************************************
**********************************************************************
  STOP: LINESEARCH FAILURE    
**********************************************************************
**********************************************************************
  STOP: LINESEARCH FAILURE    
**********************************************************************
**********************************************************************
  STOP: LINESEARCH FAILURE    
**********************************************************************
**********************************************************************
  STOP: LINESEARCH FAILURE    
**********************************************************************
**********************************************************************
  STOP: LINESEARCH FAILURE    
**********************************************************************
**********************************************************************
  STOP: LINESEARCH FAILURE    
**********************************************************************
**********************************************************************
  STOP: LINESEARCH FAILURE    
**********************************************************************
**********************************************************************
  STOP: LINESEARCH FAILURE    
**********************************************************************
**********************************************************************
  STOP: LINESEARCH FAILURE    
**********************************************************************
**********************************************************************
  STOP: LINESEARCH FAILURE    
**********************************************************************
**********************************************************************
  STOP: LINESEARCH FAILURE    
**********************************************************************
**********************************************************************
  STOP: LINESEARCH FAILURE    
**********************************************************************
**********************************************************************
  STOP: LINESEARCH FAILURE    
**********************************************************************
**********************************************************************
  STOP: LINESEARCH FAILURE    
**********************************************************************
**********************************************************************
  STOP: LINESEARCH FAILURE    
**********************************************************************
**********************************************************************
  STOP: LINESEARCH FAILURE    
**********************************************************************
**********************************************************************
  STOP: LINESEARCH FAILURE    
**********************************************************************
**********************************************************************
  STOP: LINESEARCH FAILURE    
**********************************************************************
**********************************************************************
  STOP: LINESEARCH FAILURE    
**********************************************************************
**********************************************************************
  STOP: LINESEARCH FAILURE    
**********************************************************************
**********************************************************************
  STOP: LINESEARCH FAILURE    
**********************************************************************
**********************************************************************
  STOP: LINESEARCH FAILURE    
**********************************************************************
**********************************************************************
  STOP: LINESEARCH FAILURE    
**********************************************************************
**********************************************************************
  STOP: LINESEARCH FAILURE    
**********************************************************************
**********************************************************************
  STOP: LINESEARCH FAILURE    
**********************************************************************
**********************************************************************
  STOP: LINESEARCH FAILURE    
**********************************************************************
**********************************************************************
  STOP: LINESEARCH FAILURE    
**********************************************************************
**********************************************************************
  STOP: LINESEARCH FAILURE    
**********************************************************************
**********************************************************************
  STOP: LINESEARCH FAILURE    
**********************************************************************
**********************************************************************
  STOP: LINESEARCH FAILURE    
**********************************************************************
**********************************************************************
  STOP: LINESEARCH FAILURE    
**********************************************************************
**********************************************************************
  STOP: LINESEARCH FAILURE    
**********************************************************************
**********************************************************************
  STOP: LINESEARCH FAILURE    
**********************************************************************
**********************************************************************
  STOP: LINESEARCH FAILURE    
**********************************************************************
**********************************************************************
  STOP: LINESEARCH FAILURE    
**********************************************************************
**********************************************************************
  STOP: LINESEARCH FAILURE    
**********************************************************************
**********************************************************************
  STOP: LINESEARCH FAILURE    
**********************************************************************
**********************************************************************
  STOP: LINESEARCH FAILURE    
**********************************************************************
**********************************************************************
  STOP: LINESEARCH FAILURE    
**********************************************************************
**********************************************************************
  STOP: LINESEARCH FAILURE    
**********************************************************************
**********************************************************************
  STOP: LINESEARCH FAILURE    
**********************************************************************
**********************************************************************
  STOP: LINESEARCH FAILURE    
**********************************************************************
**********************************************************************
  STOP: LINESEARCH FAILURE    
**********************************************************************
**********************************************************************
  STOP: LINESEARCH FAILURE    
**********************************************************************
**********************************************************************
  STOP: LINESEARCH FAILURE    
**********************************************************************
**********************************************************************
  STOP: LINESEARCH FAILURE    
**********************************************************************
**********************************************************************
  STOP: LINESEARCH FAILURE    
**********************************************************************
**********************************************************************
  STOP: LINESEARCH FAILURE    
**********************************************************************
**********************************************************************
  STOP: LINESEARCH FAILURE    
**********************************************************************
**********************************************************************
  STOP: LINESEARCH FAILURE    
**********************************************************************
**********************************************************************
  STOP: LINESEARCH FAILURE    
**********************************************************************
**********************************************************************
  STOP: LINESEARCH FAILURE    
**********************************************************************
**********************************************************************
  STOP: LINESEARCH FAILURE    
**********************************************************************
**********************************************************************
  STOP: LINESEARCH FAILURE    
**********************************************************************
**********************************************************************
  STOP: LINESEARCH FAILURE    
**********************************************************************
**********************************************************************
  STOP: LINESEARCH FAILURE    
**********************************************************************
**********************************************************************
  STOP: LINESEARCH FAILURE    
**********************************************************************
**********************************************************************
  STOP: LINESEARCH FAILURE    
**********************************************************************
**********************************************************************
  STOP: LINESEARCH FAILURE    
**********************************************************************
**********************************************************************
  STOP: LINESEARCH FAILURE    
**********************************************************************
**********************************************************************
  STOP: LINESEARCH FAILURE    
**********************************************************************
**********************************************************************
  STOP: LINESEARCH FAILURE    
**********************************************************************
**********************************************************************
  STOP: LINESEARCH FAILURE    
**********************************************************************
**********************************************************************
  STOP: LINESEARCH FAILURE    
**********************************************************************
**********************************************************************
  STOP: LINESEARCH FAILURE    
**********************************************************************
**********************************************************************
  STOP: LINESEARCH FAILURE    
**********************************************************************
**********************************************************************
  STOP: LINESEARCH FAILURE    
**********************************************************************
**********************************************************************
  STOP: LINESEARCH FAILURE    
**********************************************************************
**********************************************************************
  STOP: LINESEARCH FAILURE    
**********************************************************************
**********************************************************************
  STOP: LINESEARCH FAILURE    
**********************************************************************
**********************************************************************
  STOP: LINESEARCH FAILURE    
**********************************************************************
**********************************************************************
  STOP: LINESEARCH FAILURE    
**********************************************************************
**********************************************************************
  STOP: LINESEARCH FAILURE    
**********************************************************************
**********************************************************************
  STOP: LINESEARCH FAILURE    
**********************************************************************
**********************************************************************
  STOP: LINESEARCH FAILURE    
**********************************************************************
**********************************************************************
  STOP: LINESEARCH FAILURE    
**********************************************************************
**********************************************************************
  STOP: LINESEARCH FAILURE    
**********************************************************************
**********************************************************************
  STOP: LINESEARCH FAILURE    
**********************************************************************
**********************************************************************
  STOP: LINESEARCH FAILURE    
**********************************************************************
**********************************************************************
  STOP: LINESEARCH FAILURE    
**********************************************************************
**********************************************************************
  STOP: LINESEARCH FAILURE    
**********************************************************************
**********************************************************************
  STOP: LINESEARCH FAILURE    
**********************************************************************
**********************************************************************
  STOP: LINESEARCH FAILURE    
**********************************************************************
**********************************************************************
  STOP: LINESEARCH FAILURE    
**********************************************************************
**********************************************************************
  STOP: LINESEARCH FAILURE    
**********************************************************************
**********************************************************************
  STOP: LINESEARCH FAILURE    
**********************************************************************
**********************************************************************
  STOP: LINESEARCH FAILURE    
**********************************************************************
**********************************************************************
  STOP: LINESEARCH FAILURE    
**********************************************************************
**********************************************************************
  STOP: LINESEARCH FAILURE    
**********************************************************************
**********************************************************************
  STOP: LINESEARCH FAILURE    
**********************************************************************
**********************************************************************
  STOP: LINESEARCH FAILURE    
**********************************************************************
**********************************************************************
  STOP: LINESEARCH FAILURE    
**********************************************************************
**********************************************************************
  STOP: LINESEARCH FAILURE    
**********************************************************************
**********************************************************************
  STOP: LINESEARCH FAILURE    
**********************************************************************
**********************************************************************
  STOP: LINESEARCH FAILURE    
**********************************************************************
**********************************************************************
  STOP: LINESEARCH FAILURE    
**********************************************************************
**********************************************************************
  STOP: LINESEARCH FAILURE    
**********************************************************************
**********************************************************************
  STOP: LINESEARCH FAILURE    
**********************************************************************
**********************************************************************
  STOP: LINESEARCH FAILURE    
**********************************************************************
**********************************************************************
  STOP: LINESEARCH FAILURE    
**********************************************************************
**********************************************************************
  STOP: LINESEARCH FAILURE    
**********************************************************************
**********************************************************************
  STOP: LINESEARCH FAILURE    
**********************************************************************
**********************************************************************
  STOP: LINESEARCH FAILURE    
**********************************************************************
**********************************************************************
  STOP: LINESEARCH FAILURE    
**********************************************************************
**********************************************************************
  STOP: LINESEARCH FAILURE    
**********************************************************************
**********************************************************************
  STOP: LINESEARCH FAILURE    
**********************************************************************
**********************************************************************
  STOP: LINESEARCH FAILURE    
**********************************************************************
**********************************************************************
  STOP: LINESEARCH FAILURE    
**********************************************************************
**********************************************************************
  STOP: LINESEARCH FAILURE    
**********************************************************************
**********************************************************************
  STOP: LINESEARCH FAILURE    
**********************************************************************
**********************************************************************
  STOP: LINESEARCH FAILURE    
**********************************************************************
**********************************************************************
  STOP: LINESEARCH FAILURE    
**********************************************************************
**********************************************************************
  STOP: LINESEARCH FAILURE    
**********************************************************************
**********************************************************************
  STOP: LINESEARCH FAILURE    
**********************************************************************
**********************************************************************
  STOP: LINESEARCH FAILURE    
**********************************************************************
**********************************************************************
  STOP: LINESEARCH FAILURE    
**********************************************************************
**********************************************************************
  STOP: LINESEARCH FAILURE    
**********************************************************************
**********************************************************************
  STOP: LINESEARCH FAILURE    
**********************************************************************
**********************************************************************
  STOP: LINESEARCH FAILURE    
**********************************************************************
**********************************************************************
  STOP: LINESEARCH FAILURE    
**********************************************************************
**********************************************************************
  STOP: LINESEARCH FAILURE    
**********************************************************************
**********************************************************************
  STOP: LINESEARCH FAILURE    
**********************************************************************
**********************************************************************
  STOP: LINESEARCH FAILURE    
**********************************************************************
**********************************************************************
  STOP: LINESEARCH FAILURE    
**********************************************************************
**********************************************************************
  STOP: LINESEARCH FAILURE    
**********************************************************************
**********************************************************************
  STOP: LINESEARCH FAILURE    
**********************************************************************
**********************************************************************
  STOP: LINESEARCH FAILURE    
**********************************************************************
**********************************************************************
  STOP: LINESEARCH FAILURE    
**********************************************************************
**********************************************************************
  STOP: LINESEARCH FAILURE    
**********************************************************************
**********************************************************************
  STOP: LINESEARCH FAILURE    
**********************************************************************
**********************************************************************
  STOP: LINESEARCH FAILURE    
**********************************************************************
**********************************************************************
  STOP: LINESEARCH FAILURE    
**********************************************************************
**********************************************************************
  STOP: LINESEARCH FAILURE    
**********************************************************************
**********************************************************************
  STOP: LINESEARCH FAILURE    
**********************************************************************
**********************************************************************
  STOP: LINESEARCH FAILURE    
**********************************************************************
**********************************************************************
  STOP: LINESEARCH FAILURE    
**********************************************************************
**********************************************************************
  STOP: LINESEARCH FAILURE    
**********************************************************************
**********************************************************************
  STOP: LINESEARCH FAILURE    
**********************************************************************
**********************************************************************
  STOP: LINESEARCH FAILURE    
**********************************************************************
